<?xml version="1.0" encoding="UTF-8"?>
<!-- Generated by org.testng.reporters.JUnitReportReporter -->
<testsuite hostname="DESKTOP-TV9Q0GU" failures="0" tests="1" name="com.inetBanking.testCases.TC_LoginTest_001" time="42.160" errors="0" timestamp="15 Jun 2021 17:38:12 GMT" skipped="0">
  <testcase classname="com.inetBanking.testCases.TC_LoginTest_001" name="loginTest" time="42.160"/>
</testsuite> <!-- com.inetBanking.testCases.TC_LoginTest_001 -->
