<?xml version="1.0" encoding="UTF-8"?>
<!-- Generated by org.testng.reporters.JUnitReportReporter -->
<testsuite hostname="DESKTOP-TV9Q0GU" failures="0" tests="1" name="com.inetBanking.testCases.TC_AddCustomerTest_003" time="14.801" errors="0" timestamp="19 Mar 2021 10:59:23 GMT" skipped="0">
  <testcase classname="com.inetBanking.testCases.TC_AddCustomerTest_003" name="addNewCustomer" time="14.801"/>
</testsuite> <!-- com.inetBanking.testCases.TC_AddCustomerTest_003 -->
